2015-04-02 14:38:24 Error: [MissingConnectionException] Database connection "Mysql" is missing, or could not be created.
Exception Attributes: array (
  'class' => 'Mysql',
  'message' => 'SQLSTATE[HY000] [2003] Can\'t connect to MySQL server on \'yoanncorreia.fr\' (4)',
  'enabled' => true,
)
Request URL: /GuessWho/GuessWho/utilisateurs
Stack Trace:
#0 /Applications/MAMP/htdocs/GuessWho/GuessWho/lib/Cake/Model/Datasource/DboSource.php(260): Mysql->connect()
#1 /Applications/MAMP/htdocs/GuessWho/GuessWho/lib/Cake/Model/ConnectionManager.php(105): DboSource->__construct(Array)
#2 /Applications/MAMP/htdocs/GuessWho/GuessWho/lib/Cake/Model/Model.php(3617): ConnectionManager::getDataSource('default')
#3 /Applications/MAMP/htdocs/GuessWho/GuessWho/lib/Cake/Model/Model.php(1155): Model->setDataSource('default')
#4 /Applications/MAMP/htdocs/GuessWho/GuessWho/lib/Cake/Model/Model.php(3644): Model->setSource('utilisateur')
#5 /Applications/MAMP/htdocs/GuessWho/GuessWho/lib/Cake/Model/Model.php(1387): Model->getDataSource()
#6 /Applications/MAMP/htdocs/GuessWho/GuessWho/lib/Cake/Model/Model.php(1483): Model->schema()
#7 /Applications/MAMP/htdocs/GuessWho/GuessWho/lib/Cake/Model/Model.php(1470): Model->hasField('title', false)
#8 /Applications/MAMP/htdocs/GuessWho/GuessWho/lib/Cake/Model/Model.php(907): Model->hasField(Array)
#9 /Applications/MAMP/htdocs/GuessWho/GuessWho/lib/Cake/Controller/Scaffold.php(130): Model->__get('displayField')
#10 /Applications/MAMP/htdocs/GuessWho/GuessWho/lib/Cake/Controller/Controller.php(535): Scaffold->__construct(Object(UtilisateursController), Object(CakeRequest))
#11 /Applications/MAMP/htdocs/GuessWho/GuessWho/lib/Cake/Controller/Controller.php(494): Controller->_getScaffold(Object(CakeRequest))
#12 /Applications/MAMP/htdocs/GuessWho/GuessWho/lib/Cake/Routing/Dispatcher.php(193): Controller->invokeAction(Object(CakeRequest))
#13 /Applications/MAMP/htdocs/GuessWho/GuessWho/lib/Cake/Routing/Dispatcher.php(167): Dispatcher->_invoke(Object(UtilisateursController), Object(CakeRequest))
#14 /Applications/MAMP/htdocs/GuessWho/GuessWho/app/webroot/index.php(118): Dispatcher->dispatch(Object(CakeRequest), Object(CakeResponse))
#15 {main}
